# JRE version: Java(TM) SE Runtime Environment (10.0.1+10) (build 10.0.1+10)
# Java VM: Java HotSpot(TM) 64-Bit Server VM (10.0.1+10, mixed mode, tiered, compressed oops, g1 gc, bsd-amd64)
Heap:
 garbage-first heap   total 131072K, used 81005K [0x0000000740000000, 0x00000007c0000000)
  region size 1024K, 5 young (5120K), 4 survivors (4096K)
 Metaspace       used 25853K, capacity 26327K, committed 26752K, reserved 1073152K
  class space    used 2836K, capacity 3094K, committed 3200K, reserved 1048576K
GC Heap History (10 events):
Event: 56.293 GC heap before
{Heap before GC invocations=5 (full 0):
 garbage-first heap   total 131072K, used 111787K [0x0000000740000000, 0x00000007c0000000)
  region size 1024K, 73 young (74752K), 3 survivors (3072K)
 Metaspace       used 22565K, capacity 23020K, committed 23424K, reserved 1071104K
  class space    used 2435K, capacity 2655K, committed 2688K, reserved 1048576K
}
Event: 56.297 GC heap after
{Heap after GC invocations=6 (full 0):
 garbage-first heap   total 131072K, used 29013K [0x0000000740000000, 0x00000007c0000000)
  region size 1024K, 4 young (4096K), 4 survivors (4096K)
 Metaspace       used 22565K, capacity 23020K, committed 23424K, reserved 1071104K
  class space    used 2435K, capacity 2655K, committed 2688K, reserved 1048576K
}
Event: 56.916 GC heap before
{Heap before GC invocations=6 (full 0):
 garbage-first heap   total 131072K, used 111957K [0x0000000740000000, 0x00000007c0000000)
  region size 1024K, 73 young (74752K), 4 survivors (4096K)
 Metaspace       used 25488K, capacity 25969K, committed 26368K, reserved 1073152K
  class space    used 2767K, capacity 2997K, committed 3072K, reserved 1048576K
}
Event: 56.919 GC heap after
{Heap after GC invocations=7 (full 0):
 garbage-first heap   total 131072K, used 41869K [0x0000000740000000, 0x00000007c0000000)
  region size 1024K, 5 young (5120K), 5 survivors (5120K)
 Metaspace       used 25488K, capacity 25969K, committed 26368K, reserved 1073152K
  class space    used 2767K, capacity 2997K, committed 3072K, reserved 1048576K
}
Event: 57.027 GC heap before
{Heap before GC invocations=7 (full 0):
 garbage-first heap   total 131072K, used 75661K [0x0000000740000000, 0x00000007c0000000)
  region size 1024K, 21 young (21504K), 5 survivors (5120K)
 Metaspace       used 25847K, capacity 26321K, committed 26752K, reserved 1073152K
  class space    used 2835K, capacity 3093K, committed 3200K, reserved 1048576K
}
Event: 57.030 GC heap after
{Heap after GC invocations=8 (full 0):
 garbage-first heap   total 131072K, used 57162K [0x0000000740000000, 0x00000007c0000000)
  region size 1024K, 5 young (5120K), 5 survivors (5120K)
 Metaspace       used 25847K, capacity 26321K, committed 26752K, reserved 1073152K
  class space    used 2835K, capacity 3093K, committed 3200K, reserved 1048576K
}
Event: 57.049 GC heap before
{Heap before GC invocations=9 (full 0):
 garbage-first heap   total 131072K, used 62282K [0x0000000740000000, 0x00000007c0000000)
  region size 1024K, 6 young (6144K), 5 survivors (5120K)
 Metaspace       used 25847K, capacity 26321K, committed 26752K, reserved 1073152K
  class space    used 2835K, capacity 3093K, committed 3200K, reserved 1048576K
}
Event: 57.052 GC heap after
{Heap after GC invocations=10 (full 0):
 garbage-first heap   total 131072K, used 59428K [0x0000000740000000, 0x00000007c0000000)
  region size 1024K, 4 young (4096K), 4 survivors (4096K)
 Metaspace       used 25847K, capacity 26321K, committed 26752K, reserved 1073152K
  class space    used 2835K, capacity 3093K, committed 3200K, reserved 1048576K
}
Event: 57.079 GC heap before
{Heap before GC invocations=11 (full 0):
 garbage-first heap   total 131072K, used 68644K [0x0000000740000000, 0x00000007c0000000)
  region size 1024K, 4 young (4096K), 4 survivors (4096K)
 Metaspace       used 25847K, capacity 26321K, committed 26752K, reserved 1073152K
  class space    used 2835K, capacity 3093K, committed 3200K, reserved 1048576K
}
Event: 57.082 GC heap after
{Heap after GC invocations=12 (full 0):
 garbage-first heap   total 131072K, used 63597K [0x0000000740000000, 0x00000007c0000000)
  region size 1024K, 4 young (4096K), 4 survivors (4096K)
 Metaspace       used 25847K, capacity 26321K, committed 26752K, reserved 1073152K
  class space    used 2835K, capacity 3093K, committed 3200K, reserved 1048576K
}

