# JRE version: Java(TM) SE Runtime Environment (10.0.1+10) (build 10.0.1+10)
# Java VM: Java HotSpot(TM) 64-Bit Server VM (10.0.1+10, mixed mode, tiered, compressed oops, g1 gc, bsd-amd64)
Heap:
 garbage-first heap   total 131072K, used 78466K [0x0000000740000000, 0x00000007c0000000)
  region size 1024K, 4 young (4096K), 3 survivors (3072K)
 Metaspace       used 24499K, capacity 25014K, committed 25344K, reserved 1071104K
  class space    used 2745K, capacity 3020K, committed 3072K, reserved 1048576K
GC Heap History (10 events):
Event: 7.295 GC heap before
{Heap before GC invocations=5 (full 0):
 garbage-first heap   total 131072K, used 74687K [0x0000000740000000, 0x00000007c0000000)
  region size 1024K, 49 young (50176K), 2 survivors (2048K)
 Metaspace       used 21172K, capacity 21649K, committed 21888K, reserved 1069056K
  class space    used 2340K, capacity 2582K, committed 2688K, reserved 1048576K
}
Event: 7.297 GC heap after
{Heap after GC invocations=6 (full 0):
 garbage-first heap   total 131072K, used 26602K [0x0000000740000000, 0x00000007c0000000)
  region size 1024K, 2 young (2048K), 2 survivors (2048K)
 Metaspace       used 21172K, capacity 21649K, committed 21888K, reserved 1069056K
  class space    used 2340K, capacity 2582K, committed 2688K, reserved 1048576K
}
Event: 7.860 GC heap before
{Heap before GC invocations=6 (full 0):
 garbage-first heap   total 131072K, used 95210K [0x0000000740000000, 0x00000007c0000000)
  region size 1024K, 57 young (58368K), 2 survivors (2048K)
 Metaspace       used 24140K, capacity 24592K, committed 24960K, reserved 1071104K
  class space    used 2676K, capacity 2923K, committed 2944K, reserved 1048576K
}
Event: 7.869 GC heap after
{Heap after GC invocations=7 (full 0):
 garbage-first heap   total 131072K, used 39371K [0x0000000740000000, 0x00000007c0000000)
  region size 1024K, 3 young (3072K), 3 survivors (3072K)
 Metaspace       used 24140K, capacity 24592K, committed 24960K, reserved 1071104K
  class space    used 2676K, capacity 2923K, committed 2944K, reserved 1048576K
}
Event: 7.955 GC heap before
{Heap before GC invocations=7 (full 0):
 garbage-first heap   total 131072K, used 72139K [0x0000000740000000, 0x00000007c0000000)
  region size 1024K, 18 young (18432K), 3 survivors (3072K)
 Metaspace       used 24492K, capacity 25008K, committed 25344K, reserved 1071104K
  class space    used 2744K, capacity 3019K, committed 3072K, reserved 1048576K
}
Event: 7.958 GC heap after
{Heap after GC invocations=8 (full 0):
 garbage-first heap   total 131072K, used 54795K [0x0000000740000000, 0x00000007c0000000)
  region size 1024K, 3 young (3072K), 3 survivors (3072K)
 Metaspace       used 24492K, capacity 25008K, committed 25344K, reserved 1071104K
  class space    used 2744K, capacity 3019K, committed 3072K, reserved 1048576K
}
Event: 7.982 GC heap before
{Heap before GC invocations=9 (full 0):
 garbage-first heap   total 131072K, used 59915K [0x0000000740000000, 0x00000007c0000000)
  region size 1024K, 4 young (4096K), 3 survivors (3072K)
 Metaspace       used 24492K, capacity 25008K, committed 25344K, reserved 1071104K
  class space    used 2744K, capacity 3019K, committed 3072K, reserved 1048576K
}
Event: 7.984 GC heap after
{Heap after GC invocations=10 (full 0):
 garbage-first heap   total 131072K, used 56810K [0x0000000740000000, 0x00000007c0000000)
  region size 1024K, 3 young (3072K), 3 survivors (3072K)
 Metaspace       used 24492K, capacity 25008K, committed 25344K, reserved 1071104K
  class space    used 2744K, capacity 3019K, committed 3072K, reserved 1048576K
}
Event: 8.022 GC heap before
{Heap before GC invocations=11 (full 0):
 garbage-first heap   total 131072K, used 66026K [0x0000000740000000, 0x00000007c0000000)
  region size 1024K, 3 young (3072K), 3 survivors (3072K)
 Metaspace       used 24492K, capacity 25008K, committed 25344K, reserved 1071104K
  class space    used 2744K, capacity 3019K, committed 3072K, reserved 1048576K
}
Event: 8.025 GC heap after
{Heap after GC invocations=12 (full 0):
 garbage-first heap   total 131072K, used 61058K [0x0000000740000000, 0x00000007c0000000)
  region size 1024K, 3 young (3072K), 3 survivors (3072K)
 Metaspace       used 24492K, capacity 25008K, committed 25344K, reserved 1071104K
  class space    used 2744K, capacity 3019K, committed 3072K, reserved 1048576K
}

